<?xml version="1.0" encoding="UTF-8"?>
<testsuite xmlns:xsi="http://www.w3.org/2001/XMLSchema-instance" xsi:noNamespaceSchemaLocation="https://maven.apache.org/surefire/maven-surefire-plugin/xsd/surefire-test-report.xsd" name="TestSuite" time="535.248" tests="8" errors="0" skipped="5" failures="2">
  <properties>
[...]
</properties>
  <testcase name="login" classname="techfetch.Techfetch2" time="443.737"/>
  <testcase name="upload" classname="techfetch.Techfetch2" time="50.113">
    <failure message="No frame element found by name or id contentframe&#10;Build info: version: &apos;3.4.0&apos;, revision: &apos;unknown&apos;, time: &apos;unknown&apos;&#10;System info: host: &apos;AG300617-7&apos;, ip: &apos;192.168.0.65&apos;, os.name: &apos;Windows 7&apos;, os.arch: &apos;amd64&apos;, os.version: &apos;6.1&apos;, java.version: &apos;1.8.0_141&apos;&#10;Driver info: driver.version: unknown" type="org.openqa.selenium.NoSuchFrameException">org.openqa.selenium.NoSuchFrameException: 
No frame element found by name or id contentframe
Build info: version: '3.4.0', revision: 'unknown', time: 'unknown'
System info: host: 'AG300617-7', ip: '192.168.0.65', os.name: 'Windows 7', os.arch: 'amd64', os.version: '6.1', java.version: '1.8.0_141'
Driver info: driver.version: unknown
	at techfetch.Techfetch2.upload(Techfetch2.java:176)
</failure>
  </testcase>
  <testcase name="forward" classname="techfetch.Techfetch2" time="0">
    <skipped/>
  </testcase>
  <testcase name="update" classname="techfetch.Techfetch2" time="0">
    <skipped/>
  </testcase>
  <testcase name="fetch" classname="techfetch.Techfetch2" time="0">
    <skipped/>
  </testcase>
  <testcase name="listing" classname="techfetch.Techfetch2" time="0">
    <skipped/>
  </testcase>
  <testcase name="features" classname="techfetch.Techfetch2" time="0">
    <skipped/>
  </testcase>
  <testcase name="logout" classname="techfetch.Techfetch2" time="85.172">
    <failure message="no such element: Unable to locate element: {&quot;method&quot;:&quot;xpath&quot;,&quot;selector&quot;:&quot;.//*[@id=&apos;drop7&apos;]/img&quot;}&#10;  (Session info: chrome=60.0.3112.101)&#10;  (Driver info: chromedriver=2.31.488763 (092de99f48a300323ecf8c2a4e2e7cab51de5ba8),platform=Windows NT 6.1.7601 SP1 x86_64) (WARNING: The server did not provide any stacktrace information)&#10;Command duration or timeout: 25.04 seconds&#10;For documentation on this error, please visit: http://seleniumhq.org/exceptions/no_such_element.html&#10;Build info: version: &apos;3.4.0&apos;, revision: &apos;unknown&apos;, time: &apos;unknown&apos;&#10;System info: host: &apos;AG300617-7&apos;, ip: &apos;192.168.0.65&apos;, os.name: &apos;Windows 7&apos;, os.arch: &apos;amd64&apos;, os.version: &apos;6.1&apos;, java.version: &apos;1.8.0_141&apos;&#10;Driver info: org.openqa.selenium.chrome.ChromeDriver&#10;Capabilities [{applicationCacheEnabled=false, rotatable=false, mobileEmulationEnabled=false, networkConnectionEnabled=false, chrome={chromedriverVersion=2.31.488763 (092de99f48a300323ecf8c2a4e2e7cab51de5ba8), userDataDir=C:\Windows\TEMP\scoped_dir3576_4008}, takesHeapSnapshot=true, pageLoadStrategy=normal, databaseEnabled=false, handlesAlerts=true, hasTouchScreen=false, version=60.0.3112.101, platform=XP, browserConnectionEnabled=false, nativeEvents=true, acceptSslCerts=true, locationContextEnabled=true, webStorageEnabled=true, browserName=chrome, takesScreenshot=true, javascriptEnabled=true, cssSelectorsEnabled=true, setWindowRect=true, unexpectedAlertBehaviour=}]&#10;Session ID: d1c66ef31601f88238e1fe36c2850ce6&#10;*** Element info: {Using=xpath, value=.//*[@id=&apos;drop7&apos;]/img}" type="org.openqa.selenium.NoSuchElementException">org.openqa.selenium.NoSuchElementException: 
no such element: Unable to locate element: {"method":"xpath","selector":".//*[@id='drop7']/img"}
  (Session info: chrome=60.0.3112.101)
  (Driver info: chromedriver=2.31.488763 (092de99f48a300323ecf8c2a4e2e7cab51de5ba8),platform=Windows NT 6.1.7601 SP1 x86_64) (WARNING: The server did not provide any stacktrace information)
Command duration or timeout: 25.04 seconds
For documentation on this error, please visit: http://seleniumhq.org/exceptions/no_such_element.html
Build info: version: '3.4.0', revision: 'unknown', time: 'unknown'
System info: host: 'AG300617-7', ip: '192.168.0.65', os.name: 'Windows 7', os.arch: 'amd64', os.version: '6.1', java.version: '1.8.0_141'
Driver info: org.openqa.selenium.chrome.ChromeDriver
Capabilities [{applicationCacheEnabled=false, rotatable=false, mobileEmulationEnabled=false, networkConnectionEnabled=false, chrome={chromedriverVersion=2.31.488763 (092de99f48a300323ecf8c2a4e2e7cab51de5ba8), userDataDir=C:\Windows\TEMP\scoped_dir3576_4008}, takesHeapSnapshot=true, pageLoadStrategy=normal, databaseEnabled=false, handlesAlerts=true, hasTouchScreen=false, version=60.0.3112.101, platform=XP, browserConnectionEnabled=false, nativeEvents=true, acceptSslCerts=true, locationContextEnabled=true, webStorageEnabled=true, browserName=chrome, takesScreenshot=true, javascriptEnabled=true, cssSelectorsEnabled=true, setWindowRect=true, unexpectedAlertBehaviour=}]
Session ID: d1c66ef31601f88238e1fe36c2850ce6
*** Element info: {Using=xpath, value=.//*[@id='drop7']/img}
	at techfetch.Techfetch2.xp(Techfetch2.java:44)
	at techfetch.Techfetch2.logout(Techfetch2.java:733)
</failure>
  </testcase>
</testsuite>